<?xml version="1.0" encoding="UTF-8"?>
<testsuite xmlns:xsi="http://www.w3.org/2001/XMLSchema-instance" xsi:noNamespaceSchemaLocation="https://maven.apache.org/surefire/maven-surefire-plugin/xsd/surefire-test-report.xsd" name="com.glfasshonstore.glfasshoncatalogueservice.GlfasshonCatalogueserviceApplicationTests" time="1.091" tests="1" errors="1" skipped="0" failures="0">
  <properties>
    <property name="java.specification.version" value="18"/>
    <property name="sun.jnu.encoding" value="UTF-8"/>
    <property name="java.class.path" value="/home/ravi/fasshonTest/glfasshon-catalogueservice/target/test-classes:/home/ravi/fasshonTest/glfasshon-catalogueservice/target/classes:/home/ravi/.m2/repository/org/springframework/boot/spring-boot-starter-data-elasticsearch/2.7.6/spring-boot-starter-data-elasticsearch-2.7.6.jar:/home/ravi/.m2/repository/org/springframework/boot/spring-boot-starter/2.7.6/spring-boot-starter-2.7.6.jar:/home/ravi/.m2/repository/org/springframework/boot/spring-boot-starter-logging/2.7.6/spring-boot-starter-logging-2.7.6.jar:/home/ravi/.m2/repository/ch/qos/logback/logback-classic/1.2.11/logback-classic-1.2.11.jar:/home/ravi/.m2/repository/ch/qos/logback/logback-core/1.2.11/logback-core-1.2.11.jar:/home/ravi/.m2/repository/org/apache/logging/log4j/log4j-to-slf4j/2.17.2/log4j-to-slf4j-2.17.2.jar:/home/ravi/.m2/repository/org/apache/logging/log4j/log4j-api/2.17.2/log4j-api-2.17.2.jar:/home/ravi/.m2/repository/org/slf4j/jul-to-slf4j/1.7.36/jul-to-slf4j-1.7.36.jar:/home/ravi/.m2/repository/jakarta/annotation/jakarta.annotation-api/1.3.5/jakarta.annotation-api-1.3.5.jar:/home/ravi/.m2/repository/org/yaml/snakeyaml/1.30/snakeyaml-1.30.jar:/home/ravi/.m2/repository/org/springframework/data/spring-data-elasticsearch/4.4.6/spring-data-elasticsearch-4.4.6.jar:/home/ravi/.m2/repository/org/springframework/spring-context/5.3.24/spring-context-5.3.24.jar:/home/ravi/.m2/repository/org/springframework/spring-tx/5.3.24/spring-tx-5.3.24.jar:/home/ravi/.m2/repository/org/springframework/data/spring-data-commons/2.7.6/spring-data-commons-2.7.6.jar:/home/ravi/.m2/repository/org/elasticsearch/client/elasticsearch-rest-high-level-client/7.17.7/elasticsearch-rest-high-level-client-7.17.7.jar:/home/ravi/.m2/repository/org/elasticsearch/elasticsearch/7.17.7/elasticsearch-7.17.7.jar:/home/ravi/.m2/repository/org/elasticsearch/elasticsearch-core/7.17.7/elasticsearch-core-7.17.7.jar:/home/ravi/.m2/repository/org/elasticsearch/elasticsearch-secure-sm/7.17.7/elasticsearch-secure-sm-7.17.7.jar:/home/ravi/.m2/repository/org/elasticsearch/elasticsearch-x-content/7.17.7/elasticsearch-x-content-7.17.7.jar:/home/ravi/.m2/repository/com/fasterxml/jackson/dataformat/jackson-dataformat-smile/2.13.4/jackson-dataformat-smile-2.13.4.jar:/home/ravi/.m2/repository/com/fasterxml/jackson/dataformat/jackson-dataformat-yaml/2.13.4/jackson-dataformat-yaml-2.13.4.jar:/home/ravi/.m2/repository/com/fasterxml/jackson/dataformat/jackson-dataformat-cbor/2.13.4/jackson-dataformat-cbor-2.13.4.jar:/home/ravi/.m2/repository/org/elasticsearch/elasticsearch-geo/7.17.7/elasticsearch-geo-7.17.7.jar:/home/ravi/.m2/repository/org/elasticsearch/elasticsearch-lz4/7.17.7/elasticsearch-lz4-7.17.7.jar:/home/ravi/.m2/repository/org/lz4/lz4-java/1.8.0/lz4-java-1.8.0.jar:/home/ravi/.m2/repository/org/apache/lucene/lucene-core/8.11.1/lucene-core-8.11.1.jar:/home/ravi/.m2/repository/org/apache/lucene/lucene-analyzers-common/8.11.1/lucene-analyzers-common-8.11.1.jar:/home/ravi/.m2/repository/org/apache/lucene/lucene-backward-codecs/8.11.1/lucene-backward-codecs-8.11.1.jar:/home/ravi/.m2/repository/org/apache/lucene/lucene-grouping/8.11.1/lucene-grouping-8.11.1.jar:/home/ravi/.m2/repository/org/apache/lucene/lucene-highlighter/8.11.1/lucene-highlighter-8.11.1.jar:/home/ravi/.m2/repository/org/apache/lucene/lucene-join/8.11.1/lucene-join-8.11.1.jar:/home/ravi/.m2/repository/org/apache/lucene/lucene-memory/8.11.1/lucene-memory-8.11.1.jar:/home/ravi/.m2/repository/org/apache/lucene/lucene-misc/8.11.1/lucene-misc-8.11.1.jar:/home/ravi/.m2/repository/org/apache/lucene/lucene-queries/8.11.1/lucene-queries-8.11.1.jar:/home/ravi/.m2/repository/org/apache/lucene/lucene-queryparser/8.11.1/lucene-queryparser-8.11.1.jar:/home/ravi/.m2/repository/org/apache/lucene/lucene-sandbox/8.11.1/lucene-sandbox-8.11.1.jar:/home/ravi/.m2/repository/org/apache/lucene/lucene-spatial3d/8.11.1/lucene-spatial3d-8.11.1.jar:/home/ravi/.m2/repository/org/apache/lucene/lucene-suggest/8.11.1/lucene-suggest-8.11.1.jar:/home/ravi/.m2/repository/org/elasticsearch/elasticsearch-cli/7.17.7/elasticsearch-cli-7.17.7.jar:/home/ravi/.m2/repository/net/sf/jopt-simple/jopt-simple/5.0.2/jopt-simple-5.0.2.jar:/home/ravi/.m2/repository/com/carrotsearch/hppc/0.8.1/hppc-0.8.1.jar:/home/ravi/.m2/repository/joda-time/joda-time/2.10.10/joda-time-2.10.10.jar:/home/ravi/.m2/repository/com/tdunning/t-digest/3.2/t-digest-3.2.jar:/home/ravi/.m2/repository/org/hdrhistogram/HdrHistogram/2.1.9/HdrHistogram-2.1.9.jar:/home/ravi/.m2/repository/net/java/dev/jna/jna/5.10.0/jna-5.10.0.jar:/home/ravi/.m2/repository/org/elasticsearch/elasticsearch-plugin-classloader/7.17.7/elasticsearch-plugin-classloader-7.17.7.jar:/home/ravi/.m2/repository/org/elasticsearch/plugin/mapper-extras-client/7.17.7/mapper-extras-client-7.17.7.jar:/home/ravi/.m2/repository/org/elasticsearch/plugin/parent-join-client/7.17.7/parent-join-client-7.17.7.jar:/home/ravi/.m2/repository/org/elasticsearch/plugin/aggs-matrix-stats-client/7.17.7/aggs-matrix-stats-client-7.17.7.jar:/home/ravi/.m2/repository/org/elasticsearch/plugin/rank-eval-client/7.17.7/rank-eval-client-7.17.7.jar:/home/ravi/.m2/repository/org/elasticsearch/plugin/lang-mustache-client/7.17.7/lang-mustache-client-7.17.7.jar:/home/ravi/.m2/repository/com/github/spullara/mustache/java/compiler/0.9.6/compiler-0.9.6.jar:/home/ravi/.m2/repository/co/elastic/clients/elasticsearch-java/7.17.7/elasticsearch-java-7.17.7.jar:/home/ravi/.m2/repository/com/google/code/findbugs/jsr305/3.0.2/jsr305-3.0.2.jar:/home/ravi/.m2/repository/jakarta/json/jakarta.json-api/1.1.6/jakarta.json-api-1.1.6.jar:/home/ravi/.m2/repository/org/eclipse/parsson/parsson/1.0.0/parsson-1.0.0.jar:/home/ravi/.m2/repository/org/elasticsearch/client/elasticsearch-rest-client/7.17.7/elasticsearch-rest-client-7.17.7.jar:/home/ravi/.m2/repository/org/apache/httpcomponents/httpclient/4.5.13/httpclient-4.5.13.jar:/home/ravi/.m2/repository/org/apache/httpcomponents/httpcore/4.4.15/httpcore-4.4.15.jar:/home/ravi/.m2/repository/org/apache/httpcomponents/httpasyncclient/4.1.5/httpasyncclient-4.1.5.jar:/home/ravi/.m2/repository/org/apache/httpcomponents/httpcore-nio/4.4.15/httpcore-nio-4.4.15.jar:/home/ravi/.m2/repository/commons-codec/commons-codec/1.15/commons-codec-1.15.jar:/home/ravi/.m2/repository/com/fasterxml/jackson/core/jackson-core/2.13.4/jackson-core-2.13.4.jar:/home/ravi/.m2/repository/com/fasterxml/jackson/core/jackson-databind/2.13.4.2/jackson-databind-2.13.4.2.jar:/home/ravi/.m2/repository/com/fasterxml/jackson/core/jackson-annotations/2.13.4/jackson-annotations-2.13.4.jar:/home/ravi/.m2/repository/org/slf4j/slf4j-api/1.7.36/slf4j-api-1.7.36.jar:/home/ravi/.m2/repository/org/springframework/boot/spring-boot-starter-data-jpa/2.7.6/spring-boot-starter-data-jpa-2.7.6.jar:/home/ravi/.m2/repository/org/springframework/boot/spring-boot-starter-aop/2.7.6/spring-boot-starter-aop-2.7.6.jar:/home/ravi/.m2/repository/org/springframework/spring-aop/5.3.24/spring-aop-5.3.24.jar:/home/ravi/.m2/repository/org/aspectj/aspectjweaver/1.9.7/aspectjweaver-1.9.7.jar:/home/ravi/.m2/repository/org/springframework/boot/spring-boot-starter-jdbc/2.7.6/spring-boot-starter-jdbc-2.7.6.jar:/home/ravi/.m2/repository/com/zaxxer/HikariCP/4.0.3/HikariCP-4.0.3.jar:/home/ravi/.m2/repository/org/springframework/spring-jdbc/5.3.24/spring-jdbc-5.3.24.jar:/home/ravi/.m2/repository/jakarta/transaction/jakarta.transaction-api/1.3.3/jakarta.transaction-api-1.3.3.jar:/home/ravi/.m2/repository/jakarta/persistence/jakarta.persistence-api/2.2.3/jakarta.persistence-api-2.2.3.jar:/home/ravi/.m2/repository/org/hibernate/hibernate-core/5.6.14.Final/hibernate-core-5.6.14.Final.jar:/home/ravi/.m2/repository/org/jboss/logging/jboss-logging/3.4.3.Final/jboss-logging-3.4.3.Final.jar:/home/ravi/.m2/repository/net/bytebuddy/byte-buddy/1.12.19/byte-buddy-1.12.19.jar:/home/ravi/.m2/repository/antlr/antlr/2.7.7/antlr-2.7.7.jar:/home/ravi/.m2/repository/org/jboss/jandex/2.4.2.Final/jandex-2.4.2.Final.jar:/home/ravi/.m2/repository/com/fasterxml/classmate/1.5.1/classmate-1.5.1.jar:/home/ravi/.m2/repository/org/hibernate/common/hibernate-commons-annotations/5.1.2.Final/hibernate-commons-annotations-5.1.2.Final.jar:/home/ravi/.m2/repository/org/glassfish/jaxb/jaxb-runtime/2.3.7/jaxb-runtime-2.3.7.jar:/home/ravi/.m2/repository/org/glassfish/jaxb/txw2/2.3.7/txw2-2.3.7.jar:/home/ravi/.m2/repository/com/sun/istack/istack-commons-runtime/3.0.12/istack-commons-runtime-3.0.12.jar:/home/ravi/.m2/repository/com/sun/activation/jakarta.activation/1.2.2/jakarta.activation-1.2.2.jar:/home/ravi/.m2/repository/org/springframework/data/spring-data-jpa/2.7.6/spring-data-jpa-2.7.6.jar:/home/ravi/.m2/repository/org/springframework/spring-orm/5.3.24/spring-orm-5.3.24.jar:/home/ravi/.m2/repository/org/springframework/spring-beans/5.3.24/spring-beans-5.3.24.jar:/home/ravi/.m2/repository/org/springframework/spring-aspects/5.3.24/spring-aspects-5.3.24.jar:/home/ravi/.m2/repository/org/springframework/boot/spring-boot-starter-web/2.7.6/spring-boot-starter-web-2.7.6.jar:/home/ravi/.m2/repository/org/springframework/boot/spring-boot-starter-json/2.7.6/spring-boot-starter-json-2.7.6.jar:/home/ravi/.m2/repository/com/fasterxml/jackson/datatype/jackson-datatype-jdk8/2.13.4/jackson-datatype-jdk8-2.13.4.jar:/home/ravi/.m2/repository/com/fasterxml/jackson/datatype/jackson-datatype-jsr310/2.13.4/jackson-datatype-jsr310-2.13.4.jar:/home/ravi/.m2/repository/com/fasterxml/jackson/module/jackson-module-parameter-names/2.13.4/jackson-module-parameter-names-2.13.4.jar:/home/ravi/.m2/repository/org/springframework/boot/spring-boot-starter-tomcat/2.7.6/spring-boot-starter-tomcat-2.7.6.jar:/home/ravi/.m2/repository/org/apache/tomcat/embed/tomcat-embed-core/9.0.69/tomcat-embed-core-9.0.69.jar:/home/ravi/.m2/repository/org/apache/tomcat/embed/tomcat-embed-el/9.0.69/tomcat-embed-el-9.0.69.jar:/home/ravi/.m2/repository/org/apache/tomcat/embed/tomcat-embed-websocket/9.0.69/tomcat-embed-websocket-9.0.69.jar:/home/ravi/.m2/repository/org/springframework/spring-web/5.3.24/spring-web-5.3.24.jar:/home/ravi/.m2/repository/org/springframework/spring-webmvc/5.3.24/spring-webmvc-5.3.24.jar:/home/ravi/.m2/repository/org/springframework/spring-expression/5.3.24/spring-expression-5.3.24.jar:/home/ravi/.m2/repository/org/springframework/boot/spring-boot-devtools/2.7.6/spring-boot-devtools-2.7.6.jar:/home/ravi/.m2/repository/org/springframework/boot/spring-boot/2.7.6/spring-boot-2.7.6.jar:/home/ravi/.m2/repository/org/springframework/boot/spring-boot-autoconfigure/2.7.6/spring-boot-autoconfigure-2.7.6.jar:/home/ravi/.m2/repository/com/h2database/h2/2.1.214/h2-2.1.214.jar:/home/ravi/.m2/repository/org/projectlombok/lombok/1.18.24/lombok-1.18.24.jar:/home/ravi/.m2/repository/org/springframework/boot/spring-boot-starter-test/2.7.6/spring-boot-starter-test-2.7.6.jar:/home/ravi/.m2/repository/org/springframework/boot/spring-boot-test/2.7.6/spring-boot-test-2.7.6.jar:/home/ravi/.m2/repository/org/springframework/boot/spring-boot-test-autoconfigure/2.7.6/spring-boot-test-autoconfigure-2.7.6.jar:/home/ravi/.m2/repository/com/jayway/jsonpath/json-path/2.7.0/json-path-2.7.0.jar:/home/ravi/.m2/repository/net/minidev/json-smart/2.4.8/json-smart-2.4.8.jar:/home/ravi/.m2/repository/net/minidev/accessors-smart/2.4.8/accessors-smart-2.4.8.jar:/home/ravi/.m2/repository/org/ow2/asm/asm/9.1/asm-9.1.jar:/home/ravi/.m2/repository/jakarta/xml/bind/jakarta.xml.bind-api/2.3.3/jakarta.xml.bind-api-2.3.3.jar:/home/ravi/.m2/repository/jakarta/activation/jakarta.activation-api/1.2.2/jakarta.activation-api-1.2.2.jar:/home/ravi/.m2/repository/org/assertj/assertj-core/3.22.0/assertj-core-3.22.0.jar:/home/ravi/.m2/repository/org/hamcrest/hamcrest/2.2/hamcrest-2.2.jar:/home/ravi/.m2/repository/org/junit/jupiter/junit-jupiter/5.8.2/junit-jupiter-5.8.2.jar:/home/ravi/.m2/repository/org/junit/jupiter/junit-jupiter-api/5.8.2/junit-jupiter-api-5.8.2.jar:/home/ravi/.m2/repository/org/opentest4j/opentest4j/1.2.0/opentest4j-1.2.0.jar:/home/ravi/.m2/repository/org/junit/platform/junit-platform-commons/1.8.2/junit-platform-commons-1.8.2.jar:/home/ravi/.m2/repository/org/apiguardian/apiguardian-api/1.1.2/apiguardian-api-1.1.2.jar:/home/ravi/.m2/repository/org/junit/jupiter/junit-jupiter-params/5.8.2/junit-jupiter-params-5.8.2.jar:/home/ravi/.m2/repository/org/junit/jupiter/junit-jupiter-engine/5.8.2/junit-jupiter-engine-5.8.2.jar:/home/ravi/.m2/repository/org/junit/platform/junit-platform-engine/1.8.2/junit-platform-engine-1.8.2.jar:/home/ravi/.m2/repository/org/mockito/mockito-core/4.5.1/mockito-core-4.5.1.jar:/home/ravi/.m2/repository/net/bytebuddy/byte-buddy-agent/1.12.19/byte-buddy-agent-1.12.19.jar:/home/ravi/.m2/repository/org/objenesis/objenesis/3.2/objenesis-3.2.jar:/home/ravi/.m2/repository/org/mockito/mockito-junit-jupiter/4.5.1/mockito-junit-jupiter-4.5.1.jar:/home/ravi/.m2/repository/org/skyscreamer/jsonassert/1.5.1/jsonassert-1.5.1.jar:/home/ravi/.m2/repository/com/vaadin/external/google/android-json/0.0.20131108.vaadin1/android-json-0.0.20131108.vaadin1.jar:/home/ravi/.m2/repository/org/springframework/spring-core/5.3.24/spring-core-5.3.24.jar:/home/ravi/.m2/repository/org/springframework/spring-jcl/5.3.24/spring-jcl-5.3.24.jar:/home/ravi/.m2/repository/org/springframework/spring-test/5.3.24/spring-test-5.3.24.jar:/home/ravi/.m2/repository/org/xmlunit/xmlunit-core/2.9.0/xmlunit-core-2.9.0.jar:"/>
    <property name="java.vm.vendor" value="Oracle Corporation"/>
    <property name="sun.arch.data.model" value="64"/>
    <property name="java.vendor.url" value="https://java.oracle.com/"/>
    <property name="os.name" value="Linux"/>
    <property name="java.vm.specification.version" value="18"/>
    <property name="sun.java.launcher" value="SUN_STANDARD"/>
    <property name="user.country" value="IN"/>
    <property name="sun.boot.library.path" value="/home/ravi/.jdks/openjdk-18.0.2.1/lib"/>
    <property name="sun.java.command" value="/home/ravi/fasshonTest/glfasshon-catalogueservice/target/surefire/surefirebooter3344253348998161916.jar /home/ravi/fasshonTest/glfasshon-catalogueservice/target/surefire 2022-11-28T11-18-04_393-jvmRun1 surefire16058085498193496558tmp surefire_03665327940247594115tmp"/>
    <property name="jdk.debug" value="release"/>
    <property name="surefire.test.class.path" value="/home/ravi/fasshonTest/glfasshon-catalogueservice/target/test-classes:/home/ravi/fasshonTest/glfasshon-catalogueservice/target/classes:/home/ravi/.m2/repository/org/springframework/boot/spring-boot-starter-data-elasticsearch/2.7.6/spring-boot-starter-data-elasticsearch-2.7.6.jar:/home/ravi/.m2/repository/org/springframework/boot/spring-boot-starter/2.7.6/spring-boot-starter-2.7.6.jar:/home/ravi/.m2/repository/org/springframework/boot/spring-boot-starter-logging/2.7.6/spring-boot-starter-logging-2.7.6.jar:/home/ravi/.m2/repository/ch/qos/logback/logback-classic/1.2.11/logback-classic-1.2.11.jar:/home/ravi/.m2/repository/ch/qos/logback/logback-core/1.2.11/logback-core-1.2.11.jar:/home/ravi/.m2/repository/org/apache/logging/log4j/log4j-to-slf4j/2.17.2/log4j-to-slf4j-2.17.2.jar:/home/ravi/.m2/repository/org/apache/logging/log4j/log4j-api/2.17.2/log4j-api-2.17.2.jar:/home/ravi/.m2/repository/org/slf4j/jul-to-slf4j/1.7.36/jul-to-slf4j-1.7.36.jar:/home/ravi/.m2/repository/jakarta/annotation/jakarta.annotation-api/1.3.5/jakarta.annotation-api-1.3.5.jar:/home/ravi/.m2/repository/org/yaml/snakeyaml/1.30/snakeyaml-1.30.jar:/home/ravi/.m2/repository/org/springframework/data/spring-data-elasticsearch/4.4.6/spring-data-elasticsearch-4.4.6.jar:/home/ravi/.m2/repository/org/springframework/spring-context/5.3.24/spring-context-5.3.24.jar:/home/ravi/.m2/repository/org/springframework/spring-tx/5.3.24/spring-tx-5.3.24.jar:/home/ravi/.m2/repository/org/springframework/data/spring-data-commons/2.7.6/spring-data-commons-2.7.6.jar:/home/ravi/.m2/repository/org/elasticsearch/client/elasticsearch-rest-high-level-client/7.17.7/elasticsearch-rest-high-level-client-7.17.7.jar:/home/ravi/.m2/repository/org/elasticsearch/elasticsearch/7.17.7/elasticsearch-7.17.7.jar:/home/ravi/.m2/repository/org/elasticsearch/elasticsearch-core/7.17.7/elasticsearch-core-7.17.7.jar:/home/ravi/.m2/repository/org/elasticsearch/elasticsearch-secure-sm/7.17.7/elasticsearch-secure-sm-7.17.7.jar:/home/ravi/.m2/repository/org/elasticsearch/elasticsearch-x-content/7.17.7/elasticsearch-x-content-7.17.7.jar:/home/ravi/.m2/repository/com/fasterxml/jackson/dataformat/jackson-dataformat-smile/2.13.4/jackson-dataformat-smile-2.13.4.jar:/home/ravi/.m2/repository/com/fasterxml/jackson/dataformat/jackson-dataformat-yaml/2.13.4/jackson-dataformat-yaml-2.13.4.jar:/home/ravi/.m2/repository/com/fasterxml/jackson/dataformat/jackson-dataformat-cbor/2.13.4/jackson-dataformat-cbor-2.13.4.jar:/home/ravi/.m2/repository/org/elasticsearch/elasticsearch-geo/7.17.7/elasticsearch-geo-7.17.7.jar:/home/ravi/.m2/repository/org/elasticsearch/elasticsearch-lz4/7.17.7/elasticsearch-lz4-7.17.7.jar:/home/ravi/.m2/repository/org/lz4/lz4-java/1.8.0/lz4-java-1.8.0.jar:/home/ravi/.m2/repository/org/apache/lucene/lucene-core/8.11.1/lucene-core-8.11.1.jar:/home/ravi/.m2/repository/org/apache/lucene/lucene-analyzers-common/8.11.1/lucene-analyzers-common-8.11.1.jar:/home/ravi/.m2/repository/org/apache/lucene/lucene-backward-codecs/8.11.1/lucene-backward-codecs-8.11.1.jar:/home/ravi/.m2/repository/org/apache/lucene/lucene-grouping/8.11.1/lucene-grouping-8.11.1.jar:/home/ravi/.m2/repository/org/apache/lucene/lucene-highlighter/8.11.1/lucene-highlighter-8.11.1.jar:/home/ravi/.m2/repository/org/apache/lucene/lucene-join/8.11.1/lucene-join-8.11.1.jar:/home/ravi/.m2/repository/org/apache/lucene/lucene-memory/8.11.1/lucene-memory-8.11.1.jar:/home/ravi/.m2/repository/org/apache/lucene/lucene-misc/8.11.1/lucene-misc-8.11.1.jar:/home/ravi/.m2/repository/org/apache/lucene/lucene-queries/8.11.1/lucene-queries-8.11.1.jar:/home/ravi/.m2/repository/org/apache/lucene/lucene-queryparser/8.11.1/lucene-queryparser-8.11.1.jar:/home/ravi/.m2/repository/org/apache/lucene/lucene-sandbox/8.11.1/lucene-sandbox-8.11.1.jar:/home/ravi/.m2/repository/org/apache/lucene/lucene-spatial3d/8.11.1/lucene-spatial3d-8.11.1.jar:/home/ravi/.m2/repository/org/apache/lucene/lucene-suggest/8.11.1/lucene-suggest-8.11.1.jar:/home/ravi/.m2/repository/org/elasticsearch/elasticsearch-cli/7.17.7/elasticsearch-cli-7.17.7.jar:/home/ravi/.m2/repository/net/sf/jopt-simple/jopt-simple/5.0.2/jopt-simple-5.0.2.jar:/home/ravi/.m2/repository/com/carrotsearch/hppc/0.8.1/hppc-0.8.1.jar:/home/ravi/.m2/repository/joda-time/joda-time/2.10.10/joda-time-2.10.10.jar:/home/ravi/.m2/repository/com/tdunning/t-digest/3.2/t-digest-3.2.jar:/home/ravi/.m2/repository/org/hdrhistogram/HdrHistogram/2.1.9/HdrHistogram-2.1.9.jar:/home/ravi/.m2/repository/net/java/dev/jna/jna/5.10.0/jna-5.10.0.jar:/home/ravi/.m2/repository/org/elasticsearch/elasticsearch-plugin-classloader/7.17.7/elasticsearch-plugin-classloader-7.17.7.jar:/home/ravi/.m2/repository/org/elasticsearch/plugin/mapper-extras-client/7.17.7/mapper-extras-client-7.17.7.jar:/home/ravi/.m2/repository/org/elasticsearch/plugin/parent-join-client/7.17.7/parent-join-client-7.17.7.jar:/home/ravi/.m2/repository/org/elasticsearch/plugin/aggs-matrix-stats-client/7.17.7/aggs-matrix-stats-client-7.17.7.jar:/home/ravi/.m2/repository/org/elasticsearch/plugin/rank-eval-client/7.17.7/rank-eval-client-7.17.7.jar:/home/ravi/.m2/repository/org/elasticsearch/plugin/lang-mustache-client/7.17.7/lang-mustache-client-7.17.7.jar:/home/ravi/.m2/repository/com/github/spullara/mustache/java/compiler/0.9.6/compiler-0.9.6.jar:/home/ravi/.m2/repository/co/elastic/clients/elasticsearch-java/7.17.7/elasticsearch-java-7.17.7.jar:/home/ravi/.m2/repository/com/google/code/findbugs/jsr305/3.0.2/jsr305-3.0.2.jar:/home/ravi/.m2/repository/jakarta/json/jakarta.json-api/1.1.6/jakarta.json-api-1.1.6.jar:/home/ravi/.m2/repository/org/eclipse/parsson/parsson/1.0.0/parsson-1.0.0.jar:/home/ravi/.m2/repository/org/elasticsearch/client/elasticsearch-rest-client/7.17.7/elasticsearch-rest-client-7.17.7.jar:/home/ravi/.m2/repository/org/apache/httpcomponents/httpclient/4.5.13/httpclient-4.5.13.jar:/home/ravi/.m2/repository/org/apache/httpcomponents/httpcore/4.4.15/httpcore-4.4.15.jar:/home/ravi/.m2/repository/org/apache/httpcomponents/httpasyncclient/4.1.5/httpasyncclient-4.1.5.jar:/home/ravi/.m2/repository/org/apache/httpcomponents/httpcore-nio/4.4.15/httpcore-nio-4.4.15.jar:/home/ravi/.m2/repository/commons-codec/commons-codec/1.15/commons-codec-1.15.jar:/home/ravi/.m2/repository/com/fasterxml/jackson/core/jackson-core/2.13.4/jackson-core-2.13.4.jar:/home/ravi/.m2/repository/com/fasterxml/jackson/core/jackson-databind/2.13.4.2/jackson-databind-2.13.4.2.jar:/home/ravi/.m2/repository/com/fasterxml/jackson/core/jackson-annotations/2.13.4/jackson-annotations-2.13.4.jar:/home/ravi/.m2/repository/org/slf4j/slf4j-api/1.7.36/slf4j-api-1.7.36.jar:/home/ravi/.m2/repository/org/springframework/boot/spring-boot-starter-data-jpa/2.7.6/spring-boot-starter-data-jpa-2.7.6.jar:/home/ravi/.m2/repository/org/springframework/boot/spring-boot-starter-aop/2.7.6/spring-boot-starter-aop-2.7.6.jar:/home/ravi/.m2/repository/org/springframework/spring-aop/5.3.24/spring-aop-5.3.24.jar:/home/ravi/.m2/repository/org/aspectj/aspectjweaver/1.9.7/aspectjweaver-1.9.7.jar:/home/ravi/.m2/repository/org/springframework/boot/spring-boot-starter-jdbc/2.7.6/spring-boot-starter-jdbc-2.7.6.jar:/home/ravi/.m2/repository/com/zaxxer/HikariCP/4.0.3/HikariCP-4.0.3.jar:/home/ravi/.m2/repository/org/springframework/spring-jdbc/5.3.24/spring-jdbc-5.3.24.jar:/home/ravi/.m2/repository/jakarta/transaction/jakarta.transaction-api/1.3.3/jakarta.transaction-api-1.3.3.jar:/home/ravi/.m2/repository/jakarta/persistence/jakarta.persistence-api/2.2.3/jakarta.persistence-api-2.2.3.jar:/home/ravi/.m2/repository/org/hibernate/hibernate-core/5.6.14.Final/hibernate-core-5.6.14.Final.jar:/home/ravi/.m2/repository/org/jboss/logging/jboss-logging/3.4.3.Final/jboss-logging-3.4.3.Final.jar:/home/ravi/.m2/repository/net/bytebuddy/byte-buddy/1.12.19/byte-buddy-1.12.19.jar:/home/ravi/.m2/repository/antlr/antlr/2.7.7/antlr-2.7.7.jar:/home/ravi/.m2/repository/org/jboss/jandex/2.4.2.Final/jandex-2.4.2.Final.jar:/home/ravi/.m2/repository/com/fasterxml/classmate/1.5.1/classmate-1.5.1.jar:/home/ravi/.m2/repository/org/hibernate/common/hibernate-commons-annotations/5.1.2.Final/hibernate-commons-annotations-5.1.2.Final.jar:/home/ravi/.m2/repository/org/glassfish/jaxb/jaxb-runtime/2.3.7/jaxb-runtime-2.3.7.jar:/home/ravi/.m2/repository/org/glassfish/jaxb/txw2/2.3.7/txw2-2.3.7.jar:/home/ravi/.m2/repository/com/sun/istack/istack-commons-runtime/3.0.12/istack-commons-runtime-3.0.12.jar:/home/ravi/.m2/repository/com/sun/activation/jakarta.activation/1.2.2/jakarta.activation-1.2.2.jar:/home/ravi/.m2/repository/org/springframework/data/spring-data-jpa/2.7.6/spring-data-jpa-2.7.6.jar:/home/ravi/.m2/repository/org/springframework/spring-orm/5.3.24/spring-orm-5.3.24.jar:/home/ravi/.m2/repository/org/springframework/spring-beans/5.3.24/spring-beans-5.3.24.jar:/home/ravi/.m2/repository/org/springframework/spring-aspects/5.3.24/spring-aspects-5.3.24.jar:/home/ravi/.m2/repository/org/springframework/boot/spring-boot-starter-web/2.7.6/spring-boot-starter-web-2.7.6.jar:/home/ravi/.m2/repository/org/springframework/boot/spring-boot-starter-json/2.7.6/spring-boot-starter-json-2.7.6.jar:/home/ravi/.m2/repository/com/fasterxml/jackson/datatype/jackson-datatype-jdk8/2.13.4/jackson-datatype-jdk8-2.13.4.jar:/home/ravi/.m2/repository/com/fasterxml/jackson/datatype/jackson-datatype-jsr310/2.13.4/jackson-datatype-jsr310-2.13.4.jar:/home/ravi/.m2/repository/com/fasterxml/jackson/module/jackson-module-parameter-names/2.13.4/jackson-module-parameter-names-2.13.4.jar:/home/ravi/.m2/repository/org/springframework/boot/spring-boot-starter-tomcat/2.7.6/spring-boot-starter-tomcat-2.7.6.jar:/home/ravi/.m2/repository/org/apache/tomcat/embed/tomcat-embed-core/9.0.69/tomcat-embed-core-9.0.69.jar:/home/ravi/.m2/repository/org/apache/tomcat/embed/tomcat-embed-el/9.0.69/tomcat-embed-el-9.0.69.jar:/home/ravi/.m2/repository/org/apache/tomcat/embed/tomcat-embed-websocket/9.0.69/tomcat-embed-websocket-9.0.69.jar:/home/ravi/.m2/repository/org/springframework/spring-web/5.3.24/spring-web-5.3.24.jar:/home/ravi/.m2/repository/org/springframework/spring-webmvc/5.3.24/spring-webmvc-5.3.24.jar:/home/ravi/.m2/repository/org/springframework/spring-expression/5.3.24/spring-expression-5.3.24.jar:/home/ravi/.m2/repository/org/springframework/boot/spring-boot-devtools/2.7.6/spring-boot-devtools-2.7.6.jar:/home/ravi/.m2/repository/org/springframework/boot/spring-boot/2.7.6/spring-boot-2.7.6.jar:/home/ravi/.m2/repository/org/springframework/boot/spring-boot-autoconfigure/2.7.6/spring-boot-autoconfigure-2.7.6.jar:/home/ravi/.m2/repository/com/h2database/h2/2.1.214/h2-2.1.214.jar:/home/ravi/.m2/repository/org/projectlombok/lombok/1.18.24/lombok-1.18.24.jar:/home/ravi/.m2/repository/org/springframework/boot/spring-boot-starter-test/2.7.6/spring-boot-starter-test-2.7.6.jar:/home/ravi/.m2/repository/org/springframework/boot/spring-boot-test/2.7.6/spring-boot-test-2.7.6.jar:/home/ravi/.m2/repository/org/springframework/boot/spring-boot-test-autoconfigure/2.7.6/spring-boot-test-autoconfigure-2.7.6.jar:/home/ravi/.m2/repository/com/jayway/jsonpath/json-path/2.7.0/json-path-2.7.0.jar:/home/ravi/.m2/repository/net/minidev/json-smart/2.4.8/json-smart-2.4.8.jar:/home/ravi/.m2/repository/net/minidev/accessors-smart/2.4.8/accessors-smart-2.4.8.jar:/home/ravi/.m2/repository/org/ow2/asm/asm/9.1/asm-9.1.jar:/home/ravi/.m2/repository/jakarta/xml/bind/jakarta.xml.bind-api/2.3.3/jakarta.xml.bind-api-2.3.3.jar:/home/ravi/.m2/repository/jakarta/activation/jakarta.activation-api/1.2.2/jakarta.activation-api-1.2.2.jar:/home/ravi/.m2/repository/org/assertj/assertj-core/3.22.0/assertj-core-3.22.0.jar:/home/ravi/.m2/repository/org/hamcrest/hamcrest/2.2/hamcrest-2.2.jar:/home/ravi/.m2/repository/org/junit/jupiter/junit-jupiter/5.8.2/junit-jupiter-5.8.2.jar:/home/ravi/.m2/repository/org/junit/jupiter/junit-jupiter-api/5.8.2/junit-jupiter-api-5.8.2.jar:/home/ravi/.m2/repository/org/opentest4j/opentest4j/1.2.0/opentest4j-1.2.0.jar:/home/ravi/.m2/repository/org/junit/platform/junit-platform-commons/1.8.2/junit-platform-commons-1.8.2.jar:/home/ravi/.m2/repository/org/apiguardian/apiguardian-api/1.1.2/apiguardian-api-1.1.2.jar:/home/ravi/.m2/repository/org/junit/jupiter/junit-jupiter-params/5.8.2/junit-jupiter-params-5.8.2.jar:/home/ravi/.m2/repository/org/junit/jupiter/junit-jupiter-engine/5.8.2/junit-jupiter-engine-5.8.2.jar:/home/ravi/.m2/repository/org/junit/platform/junit-platform-engine/1.8.2/junit-platform-engine-1.8.2.jar:/home/ravi/.m2/repository/org/mockito/mockito-core/4.5.1/mockito-core-4.5.1.jar:/home/ravi/.m2/repository/net/bytebuddy/byte-buddy-agent/1.12.19/byte-buddy-agent-1.12.19.jar:/home/ravi/.m2/repository/org/objenesis/objenesis/3.2/objenesis-3.2.jar:/home/ravi/.m2/repository/org/mockito/mockito-junit-jupiter/4.5.1/mockito-junit-jupiter-4.5.1.jar:/home/ravi/.m2/repository/org/skyscreamer/jsonassert/1.5.1/jsonassert-1.5.1.jar:/home/ravi/.m2/repository/com/vaadin/external/google/android-json/0.0.20131108.vaadin1/android-json-0.0.20131108.vaadin1.jar:/home/ravi/.m2/repository/org/springframework/spring-core/5.3.24/spring-core-5.3.24.jar:/home/ravi/.m2/repository/org/springframework/spring-jcl/5.3.24/spring-jcl-5.3.24.jar:/home/ravi/.m2/repository/org/springframework/spring-test/5.3.24/spring-test-5.3.24.jar:/home/ravi/.m2/repository/org/xmlunit/xmlunit-core/2.9.0/xmlunit-core-2.9.0.jar:"/>
    <property name="sun.cpu.endian" value="little"/>
    <property name="user.home" value="/home/ravi"/>
    <property name="user.language" value="en"/>
    <property name="java.specification.vendor" value="Oracle Corporation"/>
    <property name="java.version.date" value="2022-08-18"/>
    <property name="java.home" value="/home/ravi/.jdks/openjdk-18.0.2.1"/>
    <property name="file.separator" value="/"/>
    <property name="basedir" value="/home/ravi/fasshonTest/glfasshon-catalogueservice"/>
    <property name="java.vm.compressedOopsMode" value="Zero based"/>
    <property name="line.separator" value="&#10;"/>
    <property name="java.vm.specification.vendor" value="Oracle Corporation"/>
    <property name="java.specification.name" value="Java Platform API Specification"/>
    <property name="surefire.real.class.path" value="/home/ravi/fasshonTest/glfasshon-catalogueservice/target/surefire/surefirebooter3344253348998161916.jar"/>
    <property name="sun.management.compiler" value="HotSpot 64-Bit Tiered Compilers"/>
    <property name="java.runtime.version" value="18.0.2.1+1-1"/>
    <property name="user.name" value="ravi"/>
    <property name="path.separator" value=":"/>
    <property name="os.version" value="5.11.0-051100-generic"/>
    <property name="java.runtime.name" value="OpenJDK Runtime Environment"/>
    <property name="file.encoding" value="UTF-8"/>
    <property name="java.vm.name" value="OpenJDK 64-Bit Server VM"/>
    <property name="localRepository" value="/home/ravi/.m2/repository"/>
    <property name="java.vendor.url.bug" value="https://bugreport.java.com/bugreport/"/>
    <property name="java.io.tmpdir" value="/tmp"/>
    <property name="idea.version" value="2022.2.4"/>
    <property name="java.version" value="18.0.2.1"/>
    <property name="user.dir" value="/home/ravi/fasshonTest/glfasshon-catalogueservice"/>
    <property name="os.arch" value="amd64"/>
    <property name="java.vm.specification.name" value="Java Virtual Machine Specification"/>
    <property name="native.encoding" value="UTF-8"/>
    <property name="java.library.path" value="/usr/java/packages/lib:/usr/lib64:/lib64:/lib:/usr/lib"/>
    <property name="java.vm.info" value="mixed mode, sharing"/>
    <property name="java.vendor" value="Oracle Corporation"/>
    <property name="java.vm.version" value="18.0.2.1+1-1"/>
    <property name="sun.io.unicode.encoding" value="UnicodeLittle"/>
    <property name="java.class.version" value="62.0"/>
  </properties>
  <testcase name="contextLoads" classname="com.glfasshonstore.glfasshoncatalogueservice.GlfasshonCatalogueserviceApplicationTests" time="0.001">
    <error message="Failed to load ApplicationContext" type="java.lang.IllegalStateException">java.lang.IllegalStateException: Failed to load ApplicationContext
Caused by: org.springframework.beans.factory.support.BeanDefinitionOverrideException: Invalid bean definition with name 'elasticProductRepository' defined in com.glfasshonstore.glfasshoncatalogueservice.repository.ElasticProductRepository defined in @EnableJpaRepositories declared on JpaRepositoriesRegistrar.EnableJpaRepositoriesConfiguration: Cannot register bean definition [Root bean: class [org.springframework.data.jpa.repository.support.JpaRepositoryFactoryBean]; scope=; abstract=false; lazyInit=false; autowireMode=0; dependencyCheck=0; autowireCandidate=true; primary=false; factoryBeanName=null; factoryMethodName=null; initMethodName=null; destroyMethodName=null; defined in com.glfasshonstore.glfasshoncatalogueservice.repository.ElasticProductRepository defined in @EnableJpaRepositories declared on JpaRepositoriesRegistrar.EnableJpaRepositoriesConfiguration] for bean 'elasticProductRepository': There is already [Root bean: class [org.springframework.data.elasticsearch.repository.support.ElasticsearchRepositoryFactoryBean]; scope=; abstract=false; lazyInit=false; autowireMode=0; dependencyCheck=0; autowireCandidate=true; primary=false; factoryBeanName=null; factoryMethodName=null; initMethodName=null; destroyMethodName=null; defined in com.glfasshonstore.glfasshoncatalogueservice.repository.ElasticProductRepository defined in @EnableElasticsearchRepositories declared on ElasticsearchRepositoriesRegistrar.EnableElasticsearchRepositoriesConfiguration] bound.
</error>
    <system-out><![CDATA[11:18:05.044 [main] DEBUG org.springframework.test.context.BootstrapUtils - Instantiating CacheAwareContextLoaderDelegate from class [org.springframework.test.context.cache.DefaultCacheAwareContextLoaderDelegate]
11:18:05.053 [main] DEBUG org.springframework.test.context.BootstrapUtils - Instantiating BootstrapContext using constructor [public org.springframework.test.context.support.DefaultBootstrapContext(java.lang.Class,org.springframework.test.context.CacheAwareContextLoaderDelegate)]
11:18:05.080 [main] DEBUG org.springframework.test.context.BootstrapUtils - Instantiating TestContextBootstrapper for test class [com.glfasshonstore.glfasshoncatalogueservice.GlfasshonCatalogueserviceApplicationTests] from class [org.springframework.boot.test.context.SpringBootTestContextBootstrapper]
11:18:05.088 [main] INFO org.springframework.boot.test.context.SpringBootTestContextBootstrapper - Neither @ContextConfiguration nor @ContextHierarchy found for test class [com.glfasshonstore.glfasshoncatalogueservice.GlfasshonCatalogueserviceApplicationTests], using SpringBootContextLoader
11:18:05.090 [main] DEBUG org.springframework.test.context.support.AbstractContextLoader - Did not detect default resource location for test class [com.glfasshonstore.glfasshoncatalogueservice.GlfasshonCatalogueserviceApplicationTests]: class path resource [com/glfasshonstore/glfasshoncatalogueservice/GlfasshonCatalogueserviceApplicationTests-context.xml] does not exist
11:18:05.091 [main] DEBUG org.springframework.test.context.support.AbstractContextLoader - Did not detect default resource location for test class [com.glfasshonstore.glfasshoncatalogueservice.GlfasshonCatalogueserviceApplicationTests]: class path resource [com/glfasshonstore/glfasshoncatalogueservice/GlfasshonCatalogueserviceApplicationTestsContext.groovy] does not exist
11:18:05.091 [main] INFO org.springframework.test.context.support.AbstractContextLoader - Could not detect default resource locations for test class [com.glfasshonstore.glfasshoncatalogueservice.GlfasshonCatalogueserviceApplicationTests]: no resource found for suffixes {-context.xml, Context.groovy}.
11:18:05.091 [main] INFO org.springframework.test.context.support.AnnotationConfigContextLoaderUtils - Could not detect default configuration classes for test class [com.glfasshonstore.glfasshoncatalogueservice.GlfasshonCatalogueserviceApplicationTests]: GlfasshonCatalogueserviceApplicationTests does not declare any static, non-private, non-final, nested classes annotated with @Configuration.
11:18:05.123 [main] DEBUG org.springframework.test.context.support.ActiveProfilesUtils - Could not find an 'annotation declaring class' for annotation type [org.springframework.test.context.ActiveProfiles] and class [com.glfasshonstore.glfasshoncatalogueservice.GlfasshonCatalogueserviceApplicationTests]
11:18:05.166 [main] DEBUG org.springframework.context.annotation.ClassPathScanningCandidateComponentProvider - Identified candidate component class: file [/home/ravi/fasshonTest/glfasshon-catalogueservice/target/classes/com/glfasshonstore/glfasshoncatalogueservice/GlfasshonCatalogueserviceApplication.class]
11:18:05.167 [main] INFO org.springframework.boot.test.context.SpringBootTestContextBootstrapper - Found @SpringBootConfiguration com.glfasshonstore.glfasshoncatalogueservice.GlfasshonCatalogueserviceApplication for test class com.glfasshonstore.glfasshoncatalogueservice.GlfasshonCatalogueserviceApplicationTests
11:18:05.239 [main] DEBUG org.springframework.boot.test.context.SpringBootTestContextBootstrapper - @TestExecutionListeners is not present for class [com.glfasshonstore.glfasshoncatalogueservice.GlfasshonCatalogueserviceApplicationTests]: using defaults.
11:18:05.240 [main] INFO org.springframework.boot.test.context.SpringBootTestContextBootstrapper - Loaded default TestExecutionListener class names from location [META-INF/spring.factories]: [org.springframework.boot.test.mock.mockito.MockitoTestExecutionListener, org.springframework.boot.test.mock.mockito.ResetMocksTestExecutionListener, org.springframework.boot.test.autoconfigure.restdocs.RestDocsTestExecutionListener, org.springframework.boot.test.autoconfigure.web.client.MockRestServiceServerResetTestExecutionListener, org.springframework.boot.test.autoconfigure.web.servlet.MockMvcPrintOnlyOnFailureTestExecutionListener, org.springframework.boot.test.autoconfigure.web.servlet.WebDriverTestExecutionListener, org.springframework.boot.test.autoconfigure.webservices.client.MockWebServiceServerTestExecutionListener, org.springframework.test.context.web.ServletTestExecutionListener, org.springframework.test.context.support.DirtiesContextBeforeModesTestExecutionListener, org.springframework.test.context.event.ApplicationEventsTestExecutionListener, org.springframework.test.context.support.DependencyInjectionTestExecutionListener, org.springframework.test.context.support.DirtiesContextTestExecutionListener, org.springframework.test.context.transaction.TransactionalTestExecutionListener, org.springframework.test.context.jdbc.SqlScriptsTestExecutionListener, org.springframework.test.context.event.EventPublishingTestExecutionListener]
11:18:05.253 [main] INFO org.springframework.boot.test.context.SpringBootTestContextBootstrapper - Using TestExecutionListeners: [org.springframework.test.context.web.ServletTestExecutionListener@16eccb2e, org.springframework.test.context.support.DirtiesContextBeforeModesTestExecutionListener@5ef5c734, org.springframework.test.context.event.ApplicationEventsTestExecutionListener@d771cc9, org.springframework.boot.test.mock.mockito.MockitoTestExecutionListener@36b4091c, org.springframework.boot.test.autoconfigure.SpringBootDependencyInjectionTestExecutionListener@4671115f, org.springframework.test.context.support.DirtiesContextTestExecutionListener@36cda2c2, org.springframework.test.context.transaction.TransactionalTestExecutionListener@3697186, org.springframework.test.context.jdbc.SqlScriptsTestExecutionListener@1583741e, org.springframework.test.context.event.EventPublishingTestExecutionListener@5b367418, org.springframework.boot.test.mock.mockito.ResetMocksTestExecutionListener@36060e, org.springframework.boot.test.autoconfigure.restdocs.RestDocsTestExecutionListener@481ba2cf, org.springframework.boot.test.autoconfigure.web.client.MockRestServiceServerResetTestExecutionListener@46b61c56, org.springframework.boot.test.autoconfigure.web.servlet.MockMvcPrintOnlyOnFailureTestExecutionListener@2e48362c, org.springframework.boot.test.autoconfigure.web.servlet.WebDriverTestExecutionListener@1efe439d, org.springframework.boot.test.autoconfigure.webservices.client.MockWebServiceServerTestExecutionListener@be68757]
11:18:05.259 [main] DEBUG org.springframework.test.context.support.AbstractDirtiesContextTestExecutionListener - Before test class: context [DefaultTestContext@12359a82 testClass = GlfasshonCatalogueserviceApplicationTests, testInstance = [null], testMethod = [null], testException = [null], mergedContextConfiguration = [WebMergedContextConfiguration@68df9280 testClass = GlfasshonCatalogueserviceApplicationTests, locations = '{}', classes = '{class com.glfasshonstore.glfasshoncatalogueservice.GlfasshonCatalogueserviceApplication}', contextInitializerClasses = '[]', activeProfiles = '{}', propertySourceLocations = '{}', propertySourceProperties = '{org.springframework.boot.test.context.SpringBootTestContextBootstrapper=true}', contextCustomizers = set[org.springframework.boot.test.context.filter.ExcludeFilterContextCustomizer@55f616cf, org.springframework.boot.test.json.DuplicateJsonObjectContextCustomizerFactory$DuplicateJsonObjectContextCustomizer@41c2284a, org.springframework.boot.test.mock.mockito.MockitoContextCustomizer@0, org.springframework.boot.test.web.client.TestRestTemplateContextCustomizer@5136d012, org.springframework.boot.test.autoconfigure.actuate.metrics.MetricsExportContextCustomizerFactory$DisableMetricExportContextCustomizer@3315d2d7, org.springframework.boot.test.autoconfigure.properties.PropertyMappingContextCustomizer@0, org.springframework.boot.test.autoconfigure.web.servlet.WebDriverContextCustomizerFactory$Customizer@59af0466, org.springframework.boot.test.context.SpringBootTestArgs@1, org.springframework.boot.test.context.SpringBootTestWebEnvironment@4973813a], resourceBasePath = 'src/main/webapp', contextLoader = 'org.springframework.boot.test.context.SpringBootContextLoader', parent = [null]], attributes = map['org.springframework.test.context.web.ServletTestExecutionListener.activateListener' -> true]], class annotated with @DirtiesContext [false] with mode [null].

  .   ____          _            __ _ _
 /\\ / ___'_ __ _ _(_)_ __  __ _ \ \ \ \
( ( )\___ | '_ | '_| | '_ \/ _` | \ \ \ \
 \\/  ___)| |_)| | | | | || (_| |  ) ) ) )
  '  |____| .__|_| |_|_| |_\__, | / / / /
 =========|_|==============|___/=/_/_/_/
 :: Spring Boot ::                (v2.7.6)

2022-11-28 11:18:05.484  INFO 408095 --- [           main] lfasshonCatalogueserviceApplicationTests : Starting GlfasshonCatalogueserviceApplicationTests using Java 18.0.2.1 on BLR1-LHP-N73393 with PID 408095 (started by ravi in /home/ravi/fasshonTest/glfasshon-catalogueservice)
2022-11-28 11:18:05.485  INFO 408095 --- [           main] lfasshonCatalogueserviceApplicationTests : No active profile set, falling back to 1 default profile: "default"
2022-11-28 11:18:05.517 DEBUG 408095 --- [           main] o.s.w.c.s.GenericWebApplicationContext   : Refreshing org.springframework.web.context.support.GenericWebApplicationContext@1a1da881
2022-11-28 11:18:05.961  INFO 408095 --- [           main] .s.d.r.c.RepositoryConfigurationDelegate : Multiple Spring Data modules found, entering strict repository configuration mode
2022-11-28 11:18:05.962  INFO 408095 --- [           main] .s.d.r.c.RepositoryConfigurationDelegate : Bootstrapping Spring Data Elasticsearch repositories in DEFAULT mode.
2022-11-28 11:18:05.991  INFO 408095 --- [           main] .RepositoryConfigurationExtensionSupport : Spring Data Elasticsearch - Could not safely identify store assignment for repository candidate interface com.glfasshonstore.glfasshoncatalogueservice.repository.ProductCatalogueRepository; If you want this repository to be a Elasticsearch repository, consider annotating your entities with one of these annotations: org.springframework.data.elasticsearch.annotations.Document (preferred), or consider extending one of the following types with your repository: org.springframework.data.elasticsearch.repository.ElasticsearchRepository, org.springframework.data.elasticsearch.repository.ElasticsearchRepository
2022-11-28 11:18:05.999  INFO 408095 --- [           main] .s.d.r.c.RepositoryConfigurationDelegate : Finished Spring Data repository scanning in 33 ms. Found 2 Elasticsearch repository interfaces.
2022-11-28 11:18:06.004  INFO 408095 --- [           main] .s.d.r.c.RepositoryConfigurationDelegate : Multiple Spring Data modules found, entering strict repository configuration mode
2022-11-28 11:18:06.004  INFO 408095 --- [           main] .s.d.r.c.RepositoryConfigurationDelegate : Bootstrapping Spring Data Reactive Elasticsearch repositories in DEFAULT mode.
2022-11-28 11:18:06.006  INFO 408095 --- [           main] .RepositoryConfigurationExtensionSupport : Spring Data Reactive Elasticsearch - Could not safely identify store assignment for repository candidate interface com.glfasshonstore.glfasshoncatalogueservice.repository.ElasticProductRepository; If you want this repository to be a Reactive Elasticsearch repository, consider annotating your entities with one of these annotations: org.springframework.data.elasticsearch.annotations.Document (preferred), or consider extending one of the following types with your repository: org.springframework.data.elasticsearch.repository.ReactiveElasticsearchRepository
2022-11-28 11:18:06.009  INFO 408095 --- [           main] .RepositoryConfigurationExtensionSupport : Spring Data Reactive Elasticsearch - Could not safely identify store assignment for repository candidate interface com.glfasshonstore.glfasshoncatalogueservice.repository.ProductCatalogueRepository; If you want this repository to be a Reactive Elasticsearch repository, consider annotating your entities with one of these annotations: org.springframework.data.elasticsearch.annotations.Document (preferred), or consider extending one of the following types with your repository: org.springframework.data.elasticsearch.repository.ReactiveElasticsearchRepository
2022-11-28 11:18:06.009  INFO 408095 --- [           main] .s.d.r.c.RepositoryConfigurationDelegate : Finished Spring Data repository scanning in 4 ms. Found 0 Reactive Elasticsearch repository interfaces.
2022-11-28 11:18:06.016  INFO 408095 --- [           main] .s.d.r.c.RepositoryConfigurationDelegate : Multiple Spring Data modules found, entering strict repository configuration mode
2022-11-28 11:18:06.017  INFO 408095 --- [           main] .s.d.r.c.RepositoryConfigurationDelegate : Bootstrapping Spring Data JPA repositories in DEFAULT mode.
2022-11-28 11:18:06.022  INFO 408095 --- [           main] .RepositoryConfigurationExtensionSupport : Spring Data JPA - Could not safely identify store assignment for repository candidate interface com.glfasshonstore.glfasshoncatalogueservice.repository.EmployeeRepository; If you want this repository to be a JPA repository, consider annotating your entities with one of these annotations: javax.persistence.Entity, javax.persistence.MappedSuperclass (preferred), or consider extending one of the following types with your repository: org.springframework.data.jpa.repository.JpaRepository
2022-11-28 11:18:06.025  WARN 408095 --- [           main] o.s.w.c.s.GenericWebApplicationContext   : Exception encountered during context initialization - cancelling refresh attempt: org.springframework.beans.factory.support.BeanDefinitionOverrideException: Invalid bean definition with name 'elasticProductRepository' defined in com.glfasshonstore.glfasshoncatalogueservice.repository.ElasticProductRepository defined in @EnableJpaRepositories declared on JpaRepositoriesRegistrar.EnableJpaRepositoriesConfiguration: Cannot register bean definition [Root bean: class [org.springframework.data.jpa.repository.support.JpaRepositoryFactoryBean]; scope=; abstract=false; lazyInit=false; autowireMode=0; dependencyCheck=0; autowireCandidate=true; primary=false; factoryBeanName=null; factoryMethodName=null; initMethodName=null; destroyMethodName=null; defined in com.glfasshonstore.glfasshoncatalogueservice.repository.ElasticProductRepository defined in @EnableJpaRepositories declared on JpaRepositoriesRegistrar.EnableJpaRepositoriesConfiguration] for bean 'elasticProductRepository': There is already [Root bean: class [org.springframework.data.elasticsearch.repository.support.ElasticsearchRepositoryFactoryBean]; scope=; abstract=false; lazyInit=false; autowireMode=0; dependencyCheck=0; autowireCandidate=true; primary=false; factoryBeanName=null; factoryMethodName=null; initMethodName=null; destroyMethodName=null; defined in com.glfasshonstore.glfasshoncatalogueservice.repository.ElasticProductRepository defined in @EnableElasticsearchRepositories declared on ElasticsearchRepositoriesRegistrar.EnableElasticsearchRepositoriesConfiguration] bound.
2022-11-28 11:18:06.041  INFO 408095 --- [           main] ConditionEvaluationReportLoggingListener : 

Error starting ApplicationContext. To display the conditions report re-run your application with 'debug' enabled.
2022-11-28 11:18:06.054 ERROR 408095 --- [           main] o.s.b.d.LoggingFailureAnalysisReporter   : 

***************************
APPLICATION FAILED TO START
***************************

Description:

The bean 'elasticProductRepository', defined in com.glfasshonstore.glfasshoncatalogueservice.repository.ElasticProductRepository defined in @EnableJpaRepositories declared on JpaRepositoriesRegistrar.EnableJpaRepositoriesConfiguration, could not be registered. A bean with that name has already been defined in com.glfasshonstore.glfasshoncatalogueservice.repository.ElasticProductRepository defined in @EnableElasticsearchRepositories declared on ElasticsearchRepositoriesRegistrar.EnableElasticsearchRepositoriesConfiguration and overriding is disabled.

Action:

Consider renaming one of the beans or enabling overriding by setting spring.main.allow-bean-definition-overriding=true

2022-11-28 11:18:06.058 ERROR 408095 --- [           main] o.s.test.context.TestContextManager      : Caught exception while allowing TestExecutionListener [org.springframework.test.context.web.ServletTestExecutionListener@16eccb2e] to prepare test instance [com.glfasshonstore.glfasshoncatalogueservice.GlfasshonCatalogueserviceApplicationTests@6fca5907]

java.lang.IllegalStateException: Failed to load ApplicationContext
	at org.springframework.test.context.cache.DefaultCacheAwareContextLoaderDelegate.loadContext(DefaultCacheAwareContextLoaderDelegate.java:98) ~[spring-test-5.3.24.jar:5.3.24]
	at org.springframework.test.context.support.DefaultTestContext.getApplicationContext(DefaultTestContext.java:124) ~[spring-test-5.3.24.jar:5.3.24]
	at org.springframework.test.context.web.ServletTestExecutionListener.setUpRequestContextIfNecessary(ServletTestExecutionListener.java:190) ~[spring-test-5.3.24.jar:5.3.24]
	at org.springframework.test.context.web.ServletTestExecutionListener.prepareTestInstance(ServletTestExecutionListener.java:132) ~[spring-test-5.3.24.jar:5.3.24]
	at org.springframework.test.context.TestContextManager.prepareTestInstance(TestContextManager.java:248) ~[spring-test-5.3.24.jar:5.3.24]
	at org.springframework.test.context.junit.jupiter.SpringExtension.postProcessTestInstance(SpringExtension.java:138) ~[spring-test-5.3.24.jar:5.3.24]
	at org.junit.jupiter.engine.descriptor.ClassBasedTestDescriptor.lambda$invokeTestInstancePostProcessors$8(ClassBasedTestDescriptor.java:363) ~[junit-jupiter-engine-5.8.2.jar:5.8.2]
	at org.junit.jupiter.engine.descriptor.ClassBasedTestDescriptor.executeAndMaskThrowable(ClassBasedTestDescriptor.java:368) ~[junit-jupiter-engine-5.8.2.jar:5.8.2]
	at org.junit.jupiter.engine.descriptor.ClassBasedTestDescriptor.lambda$invokeTestInstancePostProcessors$9(ClassBasedTestDescriptor.java:363) ~[junit-jupiter-engine-5.8.2.jar:5.8.2]
	at java.base/java.util.stream.ReferencePipeline$3$1.accept(ReferencePipeline.java:197) ~[na:na]
	at java.base/java.util.stream.ReferencePipeline$2$1.accept(ReferencePipeline.java:179) ~[na:na]
	at java.base/java.util.ArrayList$ArrayListSpliterator.forEachRemaining(ArrayList.java:1625) ~[na:na]
	at java.base/java.util.stream.AbstractPipeline.copyInto(AbstractPipeline.java:509) ~[na:na]
	at java.base/java.util.stream.AbstractPipeline.wrapAndCopyInto(AbstractPipeline.java:499) ~[na:na]
	at java.base/java.util.stream.StreamSpliterators$WrappingSpliterator.forEachRemaining(StreamSpliterators.java:310) ~[na:na]
	at java.base/java.util.stream.Streams$ConcatSpliterator.forEachRemaining(Streams.java:735) ~[na:na]
	at java.base/java.util.stream.Streams$ConcatSpliterator.forEachRemaining(Streams.java:734) ~[na:na]
	at java.base/java.util.stream.ReferencePipeline$Head.forEach(ReferencePipeline.java:762) ~[na:na]
	at org.junit.jupiter.engine.descriptor.ClassBasedTestDescriptor.invokeTestInstancePostProcessors(ClassBasedTestDescriptor.java:362) ~[junit-jupiter-engine-5.8.2.jar:5.8.2]
	at org.junit.jupiter.engine.descriptor.ClassBasedTestDescriptor.lambda$instantiateAndPostProcessTestInstance$6(ClassBasedTestDescriptor.java:283) ~[junit-jupiter-engine-5.8.2.jar:5.8.2]
	at org.junit.platform.engine.support.hierarchical.ThrowableCollector.execute(ThrowableCollector.java:73) ~[junit-platform-engine-1.8.2.jar:1.8.2]
	at org.junit.jupiter.engine.descriptor.ClassBasedTestDescriptor.instantiateAndPostProcessTestInstance(ClassBasedTestDescriptor.java:282) ~[junit-jupiter-engine-5.8.2.jar:5.8.2]
	at org.junit.jupiter.engine.descriptor.ClassBasedTestDescriptor.lambda$testInstancesProvider$4(ClassBasedTestDescriptor.java:272) ~[junit-jupiter-engine-5.8.2.jar:5.8.2]
	at java.base/java.util.Optional.orElseGet(Optional.java:364) ~[na:na]
	at org.junit.jupiter.engine.descriptor.ClassBasedTestDescriptor.lambda$testInstancesProvider$5(ClassBasedTestDescriptor.java:271) ~[junit-jupiter-engine-5.8.2.jar:5.8.2]
	at org.junit.jupiter.engine.execution.TestInstancesProvider.getTestInstances(TestInstancesProvider.java:31) ~[junit-jupiter-engine-5.8.2.jar:5.8.2]
	at org.junit.jupiter.engine.descriptor.TestMethodTestDescriptor.lambda$prepare$0(TestMethodTestDescriptor.java:102) ~[junit-jupiter-engine-5.8.2.jar:5.8.2]
	at org.junit.platform.engine.support.hierarchical.ThrowableCollector.execute(ThrowableCollector.java:73) ~[junit-platform-engine-1.8.2.jar:1.8.2]
	at org.junit.jupiter.engine.descriptor.TestMethodTestDescriptor.prepare(TestMethodTestDescriptor.java:101) ~[junit-jupiter-engine-5.8.2.jar:5.8.2]
	at org.junit.jupiter.engine.descriptor.TestMethodTestDescriptor.prepare(TestMethodTestDescriptor.java:66) ~[junit-jupiter-engine-5.8.2.jar:5.8.2]
	at org.junit.platform.engine.support.hierarchical.NodeTestTask.lambda$prepare$2(NodeTestTask.java:123) ~[junit-platform-engine-1.8.2.jar:1.8.2]
	at org.junit.platform.engine.support.hierarchical.ThrowableCollector.execute(ThrowableCollector.java:73) ~[junit-platform-engine-1.8.2.jar:1.8.2]
	at org.junit.platform.engine.support.hierarchical.NodeTestTask.prepare(NodeTestTask.java:123) ~[junit-platform-engine-1.8.2.jar:1.8.2]
	at org.junit.platform.engine.support.hierarchical.NodeTestTask.execute(NodeTestTask.java:90) ~[junit-platform-engine-1.8.2.jar:1.8.2]
	at java.base/java.util.ArrayList.forEach(ArrayList.java:1511) ~[na:na]
	at org.junit.platform.engine.support.hierarchical.SameThreadHierarchicalTestExecutorService.invokeAll(SameThreadHierarchicalTestExecutorService.java:41) ~[junit-platform-engine-1.8.2.jar:1.8.2]
	at org.junit.platform.engine.support.hierarchical.NodeTestTask.lambda$executeRecursively$6(NodeTestTask.java:155) ~[junit-platform-engine-1.8.2.jar:1.8.2]
	at org.junit.platform.engine.support.hierarchical.ThrowableCollector.execute(ThrowableCollector.java:73) ~[junit-platform-engine-1.8.2.jar:1.8.2]
	at org.junit.platform.engine.support.hierarchical.NodeTestTask.lambda$executeRecursively$8(NodeTestTask.java:141) ~[junit-platform-engine-1.8.2.jar:1.8.2]
	at org.junit.platform.engine.support.hierarchical.Node.around(Node.java:137) ~[junit-platform-engine-1.8.2.jar:1.8.2]
	at org.junit.platform.engine.support.hierarchical.NodeTestTask.lambda$executeRecursively$9(NodeTestTask.java:139) ~[junit-platform-engine-1.8.2.jar:1.8.2]
	at org.junit.platform.engine.support.hierarchical.ThrowableCollector.execute(ThrowableCollector.java:73) ~[junit-platform-engine-1.8.2.jar:1.8.2]
	at org.junit.platform.engine.support.hierarchical.NodeTestTask.executeRecursively(NodeTestTask.java:138) ~[junit-platform-engine-1.8.2.jar:1.8.2]
	at org.junit.platform.engine.support.hierarchical.NodeTestTask.execute(NodeTestTask.java:95) ~[junit-platform-engine-1.8.2.jar:1.8.2]
	at java.base/java.util.ArrayList.forEach(ArrayList.java:1511) ~[na:na]
	at org.junit.platform.engine.support.hierarchical.SameThreadHierarchicalTestExecutorService.invokeAll(SameThreadHierarchicalTestExecutorService.java:41) ~[junit-platform-engine-1.8.2.jar:1.8.2]
	at org.junit.platform.engine.support.hierarchical.NodeTestTask.lambda$executeRecursively$6(NodeTestTask.java:155) ~[junit-platform-engine-1.8.2.jar:1.8.2]
	at org.junit.platform.engine.support.hierarchical.ThrowableCollector.execute(ThrowableCollector.java:73) ~[junit-platform-engine-1.8.2.jar:1.8.2]
	at org.junit.platform.engine.support.hierarchical.NodeTestTask.lambda$executeRecursively$8(NodeTestTask.java:141) ~[junit-platform-engine-1.8.2.jar:1.8.2]
	at org.junit.platform.engine.support.hierarchical.Node.around(Node.java:137) ~[junit-platform-engine-1.8.2.jar:1.8.2]
	at org.junit.platform.engine.support.hierarchical.NodeTestTask.lambda$executeRecursively$9(NodeTestTask.java:139) ~[junit-platform-engine-1.8.2.jar:1.8.2]
	at org.junit.platform.engine.support.hierarchical.ThrowableCollector.execute(ThrowableCollector.java:73) ~[junit-platform-engine-1.8.2.jar:1.8.2]
	at org.junit.platform.engine.support.hierarchical.NodeTestTask.executeRecursively(NodeTestTask.java:138) ~[junit-platform-engine-1.8.2.jar:1.8.2]
	at org.junit.platform.engine.support.hierarchical.NodeTestTask.execute(NodeTestTask.java:95) ~[junit-platform-engine-1.8.2.jar:1.8.2]
	at org.junit.platform.engine.support.hierarchical.SameThreadHierarchicalTestExecutorService.submit(SameThreadHierarchicalTestExecutorService.java:35) ~[junit-platform-engine-1.8.2.jar:1.8.2]
	at org.junit.platform.engine.support.hierarchical.HierarchicalTestExecutor.execute(HierarchicalTestExecutor.java:57) ~[junit-platform-engine-1.8.2.jar:1.8.2]
	at org.junit.platform.engine.support.hierarchical.HierarchicalTestEngine.execute(HierarchicalTestEngine.java:54) ~[junit-platform-engine-1.8.2.jar:1.8.2]
	at org.junit.platform.launcher.core.DefaultLauncher.execute(DefaultLauncher.java:220) ~[junit-platform-launcher-1.3.1.jar:1.3.1]
	at org.junit.platform.launcher.core.DefaultLauncher.lambda$execute$6(DefaultLauncher.java:188) ~[junit-platform-launcher-1.3.1.jar:1.3.1]
	at org.junit.platform.launcher.core.DefaultLauncher.withInterceptedStreams(DefaultLauncher.java:202) ~[junit-platform-launcher-1.3.1.jar:1.3.1]
	at org.junit.platform.launcher.core.DefaultLauncher.execute(DefaultLauncher.java:181) ~[junit-platform-launcher-1.3.1.jar:1.3.1]
	at org.junit.platform.launcher.core.DefaultLauncher.execute(DefaultLauncher.java:128) ~[junit-platform-launcher-1.3.1.jar:1.3.1]
	at org.apache.maven.surefire.junitplatform.JUnitPlatformProvider.invokeAllTests(JUnitPlatformProvider.java:150) ~[surefire-junit-platform-2.22.2.jar:2.22.2]
	at org.apache.maven.surefire.junitplatform.JUnitPlatformProvider.invoke(JUnitPlatformProvider.java:124) ~[surefire-junit-platform-2.22.2.jar:2.22.2]
	at org.apache.maven.surefire.booter.ForkedBooter.invokeProviderInSameClassLoader(ForkedBooter.java:384) ~[surefire-booter-2.22.2.jar:2.22.2]
	at org.apache.maven.surefire.booter.ForkedBooter.runSuitesInProcess(ForkedBooter.java:345) ~[surefire-booter-2.22.2.jar:2.22.2]
	at org.apache.maven.surefire.booter.ForkedBooter.execute(ForkedBooter.java:126) ~[surefire-booter-2.22.2.jar:2.22.2]
	at org.apache.maven.surefire.booter.ForkedBooter.main(ForkedBooter.java:418) ~[surefire-booter-2.22.2.jar:2.22.2]
Caused by: org.springframework.beans.factory.support.BeanDefinitionOverrideException: Invalid bean definition with name 'elasticProductRepository' defined in com.glfasshonstore.glfasshoncatalogueservice.repository.ElasticProductRepository defined in @EnableJpaRepositories declared on JpaRepositoriesRegistrar.EnableJpaRepositoriesConfiguration: Cannot register bean definition [Root bean: class [org.springframework.data.jpa.repository.support.JpaRepositoryFactoryBean]; scope=; abstract=false; lazyInit=false; autowireMode=0; dependencyCheck=0; autowireCandidate=true; primary=false; factoryBeanName=null; factoryMethodName=null; initMethodName=null; destroyMethodName=null; defined in com.glfasshonstore.glfasshoncatalogueservice.repository.ElasticProductRepository defined in @EnableJpaRepositories declared on JpaRepositoriesRegistrar.EnableJpaRepositoriesConfiguration] for bean 'elasticProductRepository': There is already [Root bean: class [org.springframework.data.elasticsearch.repository.support.ElasticsearchRepositoryFactoryBean]; scope=; abstract=false; lazyInit=false; autowireMode=0; dependencyCheck=0; autowireCandidate=true; primary=false; factoryBeanName=null; factoryMethodName=null; initMethodName=null; destroyMethodName=null; defined in com.glfasshonstore.glfasshoncatalogueservice.repository.ElasticProductRepository defined in @EnableElasticsearchRepositories declared on ElasticsearchRepositoriesRegistrar.EnableElasticsearchRepositoriesConfiguration] bound.
	at org.springframework.beans.factory.support.DefaultListableBeanFactory.registerBeanDefinition(DefaultListableBeanFactory.java:1006) ~[spring-beans-5.3.24.jar:5.3.24]
	at org.springframework.data.repository.config.RepositoryConfigurationDelegate.registerRepositoriesIn(RepositoryConfigurationDelegate.java:189) ~[spring-data-commons-2.7.6.jar:2.7.6]
	at org.springframework.boot.autoconfigure.data.AbstractRepositoryConfigurationSourceSupport.registerBeanDefinitions(AbstractRepositoryConfigurationSourceSupport.java:62) ~[spring-boot-autoconfigure-2.7.6.jar:2.7.6]
	at org.springframework.context.annotation.ConfigurationClassBeanDefinitionReader.lambda$loadBeanDefinitionsFromRegistrars$1(ConfigurationClassBeanDefinitionReader.java:396) ~[spring-context-5.3.24.jar:5.3.24]
	at java.base/java.util.LinkedHashMap.forEach(LinkedHashMap.java:721) ~[na:na]
	at org.springframework.context.annotation.ConfigurationClassBeanDefinitionReader.loadBeanDefinitionsFromRegistrars(ConfigurationClassBeanDefinitionReader.java:395) ~[spring-context-5.3.24.jar:5.3.24]
	at org.springframework.context.annotation.ConfigurationClassBeanDefinitionReader.loadBeanDefinitionsForConfigurationClass(ConfigurationClassBeanDefinitionReader.java:157) ~[spring-context-5.3.24.jar:5.3.24]
	at org.springframework.context.annotation.ConfigurationClassBeanDefinitionReader.loadBeanDefinitions(ConfigurationClassBeanDefinitionReader.java:129) ~[spring-context-5.3.24.jar:5.3.24]
	at org.springframework.context.annotation.ConfigurationClassPostProcessor.processConfigBeanDefinitions(ConfigurationClassPostProcessor.java:343) ~[spring-context-5.3.24.jar:5.3.24]
	at org.springframework.context.annotation.ConfigurationClassPostProcessor.postProcessBeanDefinitionRegistry(ConfigurationClassPostProcessor.java:247) ~[spring-context-5.3.24.jar:5.3.24]
	at org.springframework.context.support.PostProcessorRegistrationDelegate.invokeBeanDefinitionRegistryPostProcessors(PostProcessorRegistrationDelegate.java:311) ~[spring-context-5.3.24.jar:5.3.24]
	at org.springframework.context.support.PostProcessorRegistrationDelegate.invokeBeanFactoryPostProcessors(PostProcessorRegistrationDelegate.java:112) ~[spring-context-5.3.24.jar:5.3.24]
	at org.springframework.context.support.AbstractApplicationContext.invokeBeanFactoryPostProcessors(AbstractApplicationContext.java:746) ~[spring-context-5.3.24.jar:5.3.24]
	at org.springframework.context.support.AbstractApplicationContext.refresh(AbstractApplicationContext.java:564) ~[spring-context-5.3.24.jar:5.3.24]
	at org.springframework.boot.SpringApplication.refresh(SpringApplication.java:731) ~[spring-boot-2.7.6.jar:2.7.6]
	at org.springframework.boot.SpringApplication.refreshContext(SpringApplication.java:408) ~[spring-boot-2.7.6.jar:2.7.6]
	at org.springframework.boot.SpringApplication.run(SpringApplication.java:307) ~[spring-boot-2.7.6.jar:2.7.6]
	at org.springframework.boot.test.context.SpringBootContextLoader.loadContext(SpringBootContextLoader.java:136) ~[spring-boot-test-2.7.6.jar:2.7.6]
	at org.springframework.test.context.cache.DefaultCacheAwareContextLoaderDelegate.loadContextInternal(DefaultCacheAwareContextLoaderDelegate.java:141) ~[spring-test-5.3.24.jar:5.3.24]
	at org.springframework.test.context.cache.DefaultCacheAwareContextLoaderDelegate.loadContext(DefaultCacheAwareContextLoaderDelegate.java:90) ~[spring-test-5.3.24.jar:5.3.24]
	... 67 common frames omitted

]]></system-out>
  </testcase>
</testsuite>